Copyright 1986-2014 Xilinx, Inc. All Rights Reserved.
-----------------------------------------------------------------------------------
| Tool Version : Vivado v.2014.1 (win64) Build 881834 Fri Apr  4 14:15:54 MDT 2014
| Date         : Tue Apr 07 01:16:49 2015
| Host         : Daniel-PC running 64-bit Service Pack 1  (build 7601)
| Command      : report_drc
-----------------------------------------------------------------------------------

Report DRC

Table of Contents
-----------------
1. REPORT SUMMARY
2. REPORT DETAILS

1. REPORT SUMMARY
-----------------

REPORT SUMMARY
            Netlist: netlist
          Floorplan: design_1
      Design limits: <entire design considered>
           Ruledeck: default
           Max violations: <unlimited>
         Violations found: 7

2. REPORT DETAILS
-----------------
AVAL-139#1 Warning
Phase shift check  
The MMCME2_ADV cell design_1_i/mig_7series_0/u_design_1_mig_7series_0_0_mig/u_ddr2_infrastructure/gen_mmcm.mmcm_i has a fractional CLKOUT0_DIVIDE_F value (9.843)  which is not a multiple of the hardware granularity (0.125) and will be adjusted to the nearest supportable value.
Related violations: <none>

BUFC-1#1 Warning
Input Buffer Connections  
Input buffer design_1_i/mig_7series_0/u_design_1_mig_7series_0_0_mig/u_memc_ui_top_axi/mem_intfc0/ddr_phy_top0/u_ddr_mc_phy_wrapper/gen_dqs_iobuf_HR.gen_dqs_iobuf[0].gen_dqs_diff.u_iobuf_dqs/IBUFDS/IBUFDS_S (in design_1_i/mig_7series_0/u_design_1_mig_7series_0_0_mig/u_memc_ui_top_axi/mem_intfc0/ddr_phy_top0/u_ddr_mc_phy_wrapper/gen_dqs_iobuf_HR.gen_dqs_iobuf[0].gen_dqs_diff.u_iobuf_dqs macro) has no loads. An input buffer must drive an internal load.
Related violations: <none>

BUFC-1#2 Warning
Input Buffer Connections  
Input buffer design_1_i/mig_7series_0/u_design_1_mig_7series_0_0_mig/u_memc_ui_top_axi/mem_intfc0/ddr_phy_top0/u_ddr_mc_phy_wrapper/gen_dqs_iobuf_HR.gen_dqs_iobuf[1].gen_dqs_diff.u_iobuf_dqs/IBUFDS/IBUFDS_S (in design_1_i/mig_7series_0/u_design_1_mig_7series_0_0_mig/u_memc_ui_top_axi/mem_intfc0/ddr_phy_top0/u_ddr_mc_phy_wrapper/gen_dqs_iobuf_HR.gen_dqs_iobuf[1].gen_dqs_diff.u_iobuf_dqs macro) has no loads. An input buffer must drive an internal load.
Related violations: <none>

CFGBVS-1#1 Warning
Missing CFGBVS and CONFIG_VOLTAGE Design Properties  
Neither the CFGBVS nor CONFIG_VOLTAGE voltage property is set in the current_design.  Configuration bank voltage select (CFGBVS) must be set to VCCO or GND, and CONFIG_VOLTAGE must be set to the correct configuration voltage, in order to determine the I/O voltage support for the pins in bank 0.  It is suggested to specify these either using the 'Edit Device Properties' function in the GUI or directly in the XDC file using the following syntax:

 set_property CFGBVS value1 [current_design]
 #where value1 is either VCCO or GND

 set_property CONFIG_VOLTAGE value2 [current_design]
 #where value2 is the voltage provided to configuration bank 0

Refer to the device configuration user guide for more information.
Related violations: <none>

PLCK-12#1 Warning
Clock Placer Checks  
Poor placement for routing between an IO pin and BUFG. 
Resolution: Poor placement of an IO pin and a BUFG has resulted in the router using a non-dedicated path between the two.  There are several things that could trigger this DRC, each of which can cause unpredictable clock insertion delays that result in poor timing.  This DRC could be caused by any of the following: (a) a clock port was placed on a pin that is not a CCIO-pin (b)the BUFG has not been placed in the same half of the device or SLR as the CCIO-pin (c) a single ended clock has been placed on the N-Side of a differential pair CCIO-pin.
This is normally an ERROR but the CLOCK_DEDICATED_ROUTE constraint is set to FALSE allowing your design to continue. The use of this override is highly discouraged as it may lead to very poor timing results. It is recommended that this error condition be corrected in the design.

	OV7670_PCLK_IBUF_inst (IBUF.O) is locked to F16
	OV7670_PCLK_IBUF_BUFG_inst (BUFG.I) is provisionally placed by clockplacer on BUFGCTRL_X0Y3

Related violations: <none>

REQP-1709#1 Warning
Clock output buffering  
PLLE2_ADV connectivity violation. The signal design_1_i/mig_7series_0/u_design_1_mig_7series_0_0_mig/u_ddr2_infrastructure/pll_clk3_out on the design_1_i/mig_7series_0/u_design_1_mig_7series_0_0_mig/u_ddr2_infrastructure/plle2_i/CLKOUT3 pin of design_1_i/mig_7series_0/u_design_1_mig_7series_0_0_mig/u_ddr2_infrastructure/plle2_i does not drive the same kind of BUFFER load as the other CLKOUT pins. Routing from the different buffer types will not be phase aligned.
Related violations: <none>

RTSTAT-10#1 Advisory
No routable loads  
46 net(s) have no routable loads. The problem net(s) are design_1_i/microblaze_0_axi_periph/m01_couplers/auto_cc/inst/gen_clock_conv.gen_async_conv.asyncfifo_axi/m_axi_araddr[27], design_1_i/microblaze_0_axi_periph/m01_couplers/auto_cc/inst/gen_clock_conv.gen_async_conv.asyncfifo_axi/m_axi_araddr[28], design_1_i/microblaze_0_axi_periph/m01_couplers/auto_cc/inst/gen_clock_conv.gen_async_conv.asyncfifo_axi/m_axi_araddr[29], design_1_i/microblaze_0_axi_periph/m01_couplers/auto_cc/inst/gen_clock_conv.gen_async_conv.asyncfifo_axi/m_axi_araddr[30], design_1_i/microblaze_0_axi_periph/m01_couplers/auto_cc/inst/gen_clock_conv.gen_async_conv.asyncfifo_axi/m_axi_araddr[31], design_1_i/microblaze_0_axi_periph/m01_couplers/auto_cc/inst/gen_clock_conv.gen_async_conv.asyncfifo_axi/m_axi_arcache[0], design_1_i/microblaze_0_axi_periph/m01_couplers/auto_cc/inst/gen_clock_conv.gen_async_conv.asyncfifo_axi/m_axi_arcache[1], design_1_i/microblaze_0_axi_periph/m01_couplers/auto_cc/inst/gen_clock_conv.gen_async_conv.asyncfifo_axi/m_axi_arcache[2], design_1_i/microblaze_0_axi_periph/m01_couplers/auto_cc/inst/gen_clock_conv.gen_async_conv.asyncfifo_axi/m_axi_arcache[3], design_1_i/microblaze_0_axi_periph/m01_couplers/auto_cc/inst/gen_clock_conv.gen_async_conv.asyncfifo_axi/m_axi_arid[0], design_1_i/microblaze_0_axi_periph/m01_couplers/auto_cc/inst/gen_clock_conv.gen_async_conv.asyncfifo_axi/m_axi_arlock[0], design_1_i/microblaze_0_axi_periph/m01_couplers/auto_cc/inst/gen_clock_conv.gen_async_conv.asyncfifo_axi/m_axi_arprot[0], design_1_i/microblaze_0_axi_periph/m01_couplers/auto_cc/inst/gen_clock_conv.gen_async_conv.asyncfifo_axi/m_axi_arprot[1], design_1_i/microblaze_0_axi_periph/m01_couplers/auto_cc/inst/gen_clock_conv.gen_async_conv.asyncfifo_axi/m_axi_arprot[2], design_1_i/microblaze_0_axi_periph/m01_couplers/auto_cc/inst/gen_clock_conv.gen_async_conv.asyncfifo_axi/m_axi_arregion[0] (the first 15 of 46 listed).
Related violations: <none>


